0 info it worked if it ends with ok
1 verbose cli [ '/usr/local/bin/node',
1 verbose cli   '/usr/local/bin/npm',
1 verbose cli   'install',
1 verbose cli   '-',
1 verbose cli   'g',
1 verbose cli   'bower' ]
2 info using npm@3.10.8
3 info using node@v6.9.1
4 silly loadCurrentTree Starting
5 silly install loadCurrentTree
6 silly install readLocalPackageData
7 silly fetchPackageMetaData -
8 silly fetchPackageMetaData g
9 silly fetchPackageMetaData bower
10 silly fetchOtherPackageData -
11 silly cache add args [ '-', null ]
12 verbose cache add spec -
13 silly fetchNamedPackageData g
14 silly mapToRegistry name g
15 silly mapToRegistry using default registry
16 silly mapToRegistry registry https://registry.npmjs.org/
17 silly mapToRegistry data Result {
17 silly mapToRegistry   raw: 'g',
17 silly mapToRegistry   scope: null,
17 silly mapToRegistry   escapedName: 'g',
17 silly mapToRegistry   name: 'g',
17 silly mapToRegistry   rawSpec: '',
17 silly mapToRegistry   spec: 'latest',
17 silly mapToRegistry   type: 'tag' }
18 silly mapToRegistry uri https://registry.npmjs.org/g
19 silly fetchNamedPackageData bower
20 silly mapToRegistry name bower
21 silly mapToRegistry using default registry
22 silly mapToRegistry registry https://registry.npmjs.org/
23 silly mapToRegistry data Result {
23 silly mapToRegistry   raw: 'bower',
23 silly mapToRegistry   scope: null,
23 silly mapToRegistry   escapedName: 'bower',
23 silly mapToRegistry   name: 'bower',
23 silly mapToRegistry   rawSpec: '',
23 silly mapToRegistry   spec: 'latest',
23 silly mapToRegistry   type: 'tag' }
24 silly mapToRegistry uri https://registry.npmjs.org/bower
25 silly cache add parsed spec Result {
25 silly cache add   raw: '-',
25 silly cache add   scope: null,
25 silly cache add   escapedName: null,
25 silly cache add   name: null,
25 silly cache add   rawSpec: '-',
25 silly cache add   spec: '/Users/bobby/Documents/Programming/my-polymer-app/-',
25 silly cache add   type: 'local' }
26 verbose request uri https://registry.npmjs.org/g
27 verbose request no auth needed
28 info attempt registry request try #1 at 2:06:04 PM
29 verbose request id 2e47fe4d09037d47
30 http request GET https://registry.npmjs.org/g
31 error addLocal Could not install /Users/bobby/Documents/Programming/my-polymer-app/-
32 silly fetchPackageMetaData Error: ENOENT: no such file or directory, open '/Users/bobby/Documents/Programming/my-polymer-app/-'
32 silly fetchPackageMetaData     at Error (native)
32 silly fetchPackageMetaData  error for - { Error: ENOENT: no such file or directory, open '/Users/bobby/Documents/Programming/my-polymer-app/-'
32 silly fetchPackageMetaData     at Error (native)
32 silly fetchPackageMetaData   errno: -2,
32 silly fetchPackageMetaData   code: 'ENOENT',
32 silly fetchPackageMetaData   syscall: 'open',
32 silly fetchPackageMetaData   path: '/Users/bobby/Documents/Programming/my-polymer-app/-' }
33 verbose request uri https://registry.npmjs.org/bower
34 verbose request no auth needed
35 info attempt registry request try #1 at 2:06:04 PM
36 verbose etag W/"582966c1-2ab4e"
37 verbose lastModified Mon, 14 Nov 2016 07:24:49 GMT
38 http request GET https://registry.npmjs.org/bower
39 http 304 https://registry.npmjs.org/bower
40 verbose headers { date: 'Tue, 15 Nov 2016 22:06:05 GMT',
40 verbose headers   via: '1.1 varnish',
40 verbose headers   'cache-control': 'max-age=300',
40 verbose headers   etag: 'W/"582966c1-2ab4e"',
40 verbose headers   age: '73',
40 verbose headers   connection: 'keep-alive',
40 verbose headers   'x-served-by': 'cache-ord1739-ORD',
40 verbose headers   'x-cache': 'HIT',
40 verbose headers   'x-cache-hits': '2',
40 verbose headers   'x-timer': 'S1479247565.114795,VS0,VE0',
40 verbose headers   vary: 'Accept-Encoding' }
41 silly get cb [ 304,
41 silly get   { date: 'Tue, 15 Nov 2016 22:06:05 GMT',
41 silly get     via: '1.1 varnish',
41 silly get     'cache-control': 'max-age=300',
41 silly get     etag: 'W/"582966c1-2ab4e"',
41 silly get     age: '73',
41 silly get     connection: 'keep-alive',
41 silly get     'x-served-by': 'cache-ord1739-ORD',
41 silly get     'x-cache': 'HIT',
41 silly get     'x-cache-hits': '2',
41 silly get     'x-timer': 'S1479247565.114795,VS0,VE0',
41 silly get     vary: 'Accept-Encoding' } ]
42 verbose etag https://registry.npmjs.org/bower from cache
43 verbose get saving bower to /Users/bobby/.npm/registry.npmjs.org/bower/.cache.json
44 verbose correctMkdir /Users/bobby/.npm correctMkdir not in flight; initializing
45 http 200 https://registry.npmjs.org/g
46 verbose headers { server: 'CouchDB/1.5.0 (Erlang OTP/R16B03)',
46 verbose headers   'content-type': 'application/json',
46 verbose headers   etag: '"57369939-205b"',
46 verbose headers   'content-encoding': 'gzip',
46 verbose headers   'cache-control': 'max-age=300',
46 verbose headers   'content-length': '1883',
46 verbose headers   'accept-ranges': 'bytes',
46 verbose headers   date: 'Tue, 15 Nov 2016 22:06:05 GMT',
46 verbose headers   via: '1.1 varnish',
46 verbose headers   age: '0',
46 verbose headers   connection: 'keep-alive',
46 verbose headers   'x-served-by': 'cache-ord1739-ORD',
46 verbose headers   'x-cache': 'MISS',
46 verbose headers   'x-cache-hits': '0',
46 verbose headers   'x-timer': 'S1479247565.097119,VS0,VE130',
46 verbose headers   vary: 'Accept-Encoding' }
47 silly get cb [ 200,
47 silly get   { server: 'CouchDB/1.5.0 (Erlang OTP/R16B03)',
47 silly get     'content-type': 'application/json',
47 silly get     etag: '"57369939-205b"',
47 silly get     'content-encoding': 'gzip',
47 silly get     'cache-control': 'max-age=300',
47 silly get     'content-length': '1883',
47 silly get     'accept-ranges': 'bytes',
47 silly get     date: 'Tue, 15 Nov 2016 22:06:05 GMT',
47 silly get     via: '1.1 varnish',
47 silly get     age: '0',
47 silly get     connection: 'keep-alive',
47 silly get     'x-served-by': 'cache-ord1739-ORD',
47 silly get     'x-cache': 'MISS',
47 silly get     'x-cache-hits': '0',
47 silly get     'x-timer': 'S1479247565.097119,VS0,VE130',
47 silly get     vary: 'Accept-Encoding' } ]
48 verbose get saving g to /Users/bobby/.npm/registry.npmjs.org/g/.cache.json
49 verbose correctMkdir /Users/bobby/.npm correctMkdir not in flight; initializing
50 silly rollbackFailedOptional Starting
51 silly rollbackFailedOptional Finishing
52 silly runTopLevelLifecycles Finishing
53 silly install printInstalled
54 verbose stack Error: ENOENT: no such file or directory, open '/Users/bobby/Documents/Programming/my-polymer-app/-'
54 verbose stack     at Error (native)
55 verbose cwd /Users/bobby/Documents/Programming/my-polymer-app
56 error Darwin 15.6.0
57 error argv "/usr/local/bin/node" "/usr/local/bin/npm" "install" "-" "g" "bower"
58 error node v6.9.1
59 error npm  v3.10.8
60 error path /Users/bobby/Documents/Programming/my-polymer-app/-
61 error code ENOENT
62 error errno -2
63 error syscall open
64 error enoent ENOENT: no such file or directory, open '/Users/bobby/Documents/Programming/my-polymer-app/-'
65 error enoent ENOENT: no such file or directory, open '/Users/bobby/Documents/Programming/my-polymer-app/-'
65 error enoent This is most likely not a problem with npm itself
65 error enoent and is related to npm not being able to find a file.
66 verbose exit [ -2, true ]
